{"/Users/kushal/vrindawan mart /mart/backend/src/middlewares/auth.ts": {"path":"/Users/kushal/vrindawan mart /mart/backend/src/middlewares/auth.ts","statementMap":{"0":{"start":{"line":15,"column":0},"end":{"line":15,"column":7}},"1":{"start":{"line":78,"column":0},"end":{"line":78,"column":16}},"2":{"start":{"line":2,"column":0},"end":{"line":2,"column":49}},"3":{"start":{"line":3,"column":0},"end":{"line":3,"column":60}},"4":{"start":{"line":4,"column":0},"end":{"line":4,"column":45}},"5":{"start":{"line":5,"column":0},"end":{"line":5,"column":49}},"6":{"start":{"line":6,"column":0},"end":{"line":6,"column":38}},"7":{"start":{"line":20,"column":2},"end":{"line":65,"column":3}},"8":{"start":{"line":22,"column":23},"end":{"line":22,"column":48}},"9":{"start":{"line":23,"column":4},"end":{"line":25,"column":5}},"10":{"start":{"line":24,"column":6},"end":{"line":24,"column":80}},"11":{"start":{"line":27,"column":18},"end":{"line":27,"column":42}},"12":{"start":{"line":28,"column":4},"end":{"line":30,"column":5}},"13":{"start":{"line":29,"column":6},"end":{"line":29,"column":80}},"14":{"start":{"line":33,"column":20},"end":{"line":33,"column":44}},"15":{"start":{"line":36,"column":17},"end":{"line":36,"column":56}},"16":{"start":{"line":37,"column":4},"end":{"line":39,"column":5}},"17":{"start":{"line":38,"column":6},"end":{"line":38,"column":70}},"18":{"start":{"line":40,"column":4},"end":{"line":45,"column":5}},"19":{"start":{"line":41,"column":6},"end":{"line":44,"column":8}},"20":{"start":{"line":48,"column":4},"end":{"line":53,"column":6}},"21":{"start":{"line":55,"column":4},"end":{"line":55,"column":11}},"22":{"start":{"line":58,"column":4},"end":{"line":60,"column":5}},"23":{"start":{"line":59,"column":6},"end":{"line":59,"column":83}},"24":{"start":{"line":61,"column":4},"end":{"line":63,"column":5}},"25":{"start":{"line":62,"column":6},"end":{"line":62,"column":87}},"26":{"start":{"line":64,"column":4},"end":{"line":64,"column":16}},"27":{"start":{"line":68,"column":13},"end":{"line":68,"column":40}},"28":{"start":{"line":79,"column":2},"end":{"line":94,"column":4}},"29":{"start":{"line":80,"column":4},"end":{"line":82,"column":5}},"30":{"start":{"line":81,"column":6},"end":{"line":81,"column":86}},"31":{"start":{"line":84,"column":4},"end":{"line":91,"column":5}},"32":{"start":{"line":85,"column":6},"end":{"line":90,"column":8}},"33":{"start":{"line":93,"column":4},"end":{"line":93,"column":11}},"34":{"start":{"line":97,"column":13},"end":{"line":97,"column":37}}},"fnMap":{"0":{"name":"authenticate","decl":{"start":{"line":15,"column":22},"end":{"line":15,"column":34}},"loc":{"start":{"line":18,"column":20},"end":{"line":66,"column":1}}},"1":{"name":"authorize","decl":{"start":{"line":78,"column":16},"end":{"line":78,"column":25}},"loc":{"start":{"line":78,"column":39},"end":{"line":95,"column":1}}},"2":{"name":"(anonymous_11)","decl":{"start":{"line":79,"column":9},"end":{"line":79,"column":10}},"loc":{"start":{"line":79,"column":62},"end":{"line":94,"column":3}}}},"branchMap":{"0":{"loc":{"start":{"line":23,"column":4},"end":{"line":25,"column":5}},"type":"if","locations":[{"start":{"line":23,"column":4},"end":{"line":25,"column":5}},{"start":{},"end":{}}]},"1":{"loc":{"start":{"line":23,"column":8},"end":{"line":23,"column":56}},"type":"binary-expr","locations":[{"start":{"line":23,"column":8},"end":{"line":23,"column":19}},{"start":{"line":23,"column":23},"end":{"line":23,"column":56}}]},"2":{"loc":{"start":{"line":28,"column":4},"end":{"line":30,"column":5}},"type":"if","locations":[{"start":{"line":28,"column":4},"end":{"line":30,"column":5}},{"start":{},"end":{}}]},"3":{"loc":{"start":{"line":37,"column":4},"end":{"line":39,"column":5}},"type":"if","locations":[{"start":{"line":37,"column":4},"end":{"line":39,"column":5}},{"start":{},"end":{}}]},"4":{"loc":{"start":{"line":40,"column":4},"end":{"line":45,"column":5}},"type":"if","locations":[{"start":{"line":40,"column":4},"end":{"line":45,"column":5}},{"start":{},"end":{}}]},"5":{"loc":{"start":{"line":58,"column":4},"end":{"line":60,"column":5}},"type":"if","locations":[{"start":{"line":58,"column":4},"end":{"line":60,"column":5}},{"start":{},"end":{}}]},"6":{"loc":{"start":{"line":61,"column":4},"end":{"line":63,"column":5}},"type":"if","locations":[{"start":{"line":61,"column":4},"end":{"line":63,"column":5}},{"start":{},"end":{}}]},"7":{"loc":{"start":{"line":80,"column":4},"end":{"line":82,"column":5}},"type":"if","locations":[{"start":{"line":80,"column":4},"end":{"line":82,"column":5}},{"start":{},"end":{}}]},"8":{"loc":{"start":{"line":84,"column":4},"end":{"line":91,"column":5}},"type":"if","locations":[{"start":{"line":84,"column":4},"end":{"line":91,"column":5}},{"start":{},"end":{}}]}},"s":{"0":1,"1":1,"2":1,"3":1,"4":1,"5":1,"6":1,"7":4,"8":4,"9":4,"10":1,"11":3,"12":3,"13":0,"14":3,"15":2,"16":2,"17":0,"18":2,"19":1,"20":1,"21":1,"22":3,"23":1,"24":2,"25":0,"26":2,"27":1,"28":3,"29":3,"30":1,"31":2,"32":1,"33":1,"34":1},"f":{"0":4,"1":3,"2":3},"b":{"0":[1,3],"1":[4,3],"2":[0,3],"3":[0,2],"4":[1,1],"5":[1,2],"6":[0,2],"7":[1,2],"8":[1,1]}}
,"/Users/kushal/vrindawan mart /mart/backend/src/services/auth.service.ts": {"path":"/Users/kushal/vrindawan mart /mart/backend/src/services/auth.service.ts","statementMap":{"0":{"start":{"line":110,"column":0},"end":{"line":110,"column":7}},"1":{"start":{"line":129,"column":0},"end":{"line":129,"column":7}},"2":{"start":{"line":167,"column":0},"end":{"line":167,"column":7}},"3":{"start":{"line":178,"column":0},"end":{"line":178,"column":7}},"4":{"start":{"line":234,"column":0},"end":{"line":234,"column":7}},"5":{"start":{"line":253,"column":0},"end":{"line":253,"column":7}},"6":{"start":{"line":262,"column":0},"end":{"line":262,"column":7}},"7":{"start":{"line":2,"column":0},"end":{"line":2,"column":35}},"8":{"start":{"line":3,"column":0},"end":{"line":3,"column":42}},"9":{"start":{"line":4,"column":0},"end":{"line":4,"column":45}},"10":{"start":{"line":5,"column":0},"end":{"line":5,"column":49}},"11":{"start":{"line":6,"column":0},"end":{"line":6,"column":50}},"12":{"start":{"line":7,"column":0},"end":{"line":7,"column":85}},"13":{"start":{"line":8,"column":0},"end":{"line":8,"column":40}},"14":{"start":{"line":9,"column":0},"end":{"line":9,"column":44}},"15":{"start":{"line":10,"column":0},"end":{"line":10,"column":60}},"16":{"start":{"line":11,"column":0},"end":{"line":11,"column":62}},"17":{"start":{"line":15,"column":23},"end":{"line":15,"column":37}},"18":{"start":{"line":18,"column":16},"end":{"line":18,"column":49}},"19":{"start":{"line":19,"column":2},"end":{"line":19,"column":45}},"20":{"start":{"line":19,"column":14},"end":{"line":19,"column":45}},"21":{"start":{"line":20,"column":16},"end":{"line":20,"column":38}},"22":{"start":{"line":21,"column":15},"end":{"line":21,"column":23}},"23":{"start":{"line":22,"column":2},"end":{"line":28,"column":3}},"24":{"start":{"line":23,"column":14},"end":{"line":23,"column":34}},"25":{"start":{"line":24,"column":14},"end":{"line":24,"column":39}},"26":{"start":{"line":25,"column":14},"end":{"line":25,"column":44}},"27":{"start":{"line":26,"column":14},"end":{"line":26,"column":49}},"28":{"start":{"line":27,"column":14},"end":{"line":27,"column":45}},"29":{"start":{"line":32,"column":2},"end":{"line":32,"column":50}},"30":{"start":{"line":36,"column":2},"end":{"line":41,"column":3}},"31":{"start":{"line":37,"column":23},"end":{"line":37,"column":88}},"32":{"start":{"line":38,"column":4},"end":{"line":38,"column":75}},"33":{"start":{"line":40,"column":4},"end":{"line":40,"column":77}},"34":{"start":{"line":45,"column":2},"end":{"line":49,"column":3}},"35":{"start":{"line":46,"column":4},"end":{"line":46,"column":52}},"36":{"start":{"line":48,"column":4},"end":{"line":48,"column":76}},"37":{"start":{"line":53,"column":2},"end":{"line":60,"column":3}},"38":{"start":{"line":54,"column":17},"end":{"line":54,"column":66}},"39":{"start":{"line":55,"column":4},"end":{"line":57,"column":5}},"40":{"start":{"line":56,"column":6},"end":{"line":56,"column":31}},"41":{"start":{"line":59,"column":4},"end":{"line":59,"column":77}},"42":{"start":{"line":64,"column":2},"end":{"line":69,"column":3}},"43":{"start":{"line":65,"column":18},"end":{"line":65,"column":65}},"44":{"start":{"line":66,"column":4},"end":{"line":66,"column":25}},"45":{"start":{"line":68,"column":4},"end":{"line":68,"column":16}},"46":{"start":{"line":75,"column":20},"end":{"line":75,"column":88}},"47":{"start":{"line":79,"column":21},"end":{"line":83,"column":4}},"48":{"start":{"line":85,"column":22},"end":{"line":89,"column":4}},"49":{"start":{"line":91,"column":23},"end":{"line":94,"column":4}},"50":{"start":{"line":97,"column":21},"end":{"line":97,"column":55}},"51":{"start":{"line":98,"column":2},"end":{"line":101,"column":5}},"52":{"start":{"line":103,"column":2},"end":{"line":103,"column":58}},"53":{"start":{"line":105,"column":2},"end":{"line":105,"column":39}},"54":{"start":{"line":111,"column":21},"end":{"line":111,"column":42}},"55":{"start":{"line":112,"column":2},"end":{"line":114,"column":3}},"56":{"start":{"line":113,"column":4},"end":{"line":113,"column":73}},"57":{"start":{"line":116,"column":15},"end":{"line":116,"column":53}},"58":{"start":{"line":119,"column":16},"end":{"line":119,"column":44}},"59":{"start":{"line":121,"column":2},"end":{"line":124,"column":4}},"60":{"start":{"line":130,"column":21},"end":{"line":130,"column":42}},"61":{"start":{"line":131,"column":2},"end":{"line":133,"column":3}},"62":{"start":{"line":132,"column":4},"end":{"line":132,"column":73}},"63":{"start":{"line":136,"column":2},"end":{"line":136,"column":47}},"64":{"start":{"line":139,"column":15},"end":{"line":139,"column":69}},"65":{"start":{"line":141,"column":2},"end":{"line":146,"column":3}},"66":{"start":{"line":142,"column":4},"end":{"line":145,"column":6}},"67":{"start":{"line":149,"column":40},"end":{"line":149,"column":67}},"68":{"start":{"line":151,"column":2},"end":{"line":151,"column":52}},"69":{"start":{"line":153,"column":2},"end":{"line":162,"column":4}},"70":{"start":{"line":168,"column":2},"end":{"line":168,"column":13}},"71":{"start":{"line":169,"column":2},"end":{"line":169,"column":16}},"72":{"start":{"line":170,"column":2},"end":{"line":173,"column":4}},"73":{"start":{"line":181,"column":2},"end":{"line":185,"column":3}},"74":{"start":{"line":182,"column":4},"end":{"line":182,"column":50}},"75":{"start":{"line":184,"column":4},"end":{"line":184,"column":86}},"76":{"start":{"line":188,"column":22},"end":{"line":188,"column":66}},"77":{"start":{"line":189,"column":2},"end":{"line":191,"column":3}},"78":{"start":{"line":190,"column":4},"end":{"line":190,"column":77}},"79":{"start":{"line":193,"column":2},"end":{"line":195,"column":3}},"80":{"start":{"line":194,"column":4},"end":{"line":194,"column":75}},"81":{"start":{"line":198,"column":2},"end":{"line":200,"column":3}},"82":{"start":{"line":199,"column":4},"end":{"line":199,"column":84}},"83":{"start":{"line":203,"column":2},"end":{"line":205,"column":3}},"84":{"start":{"line":204,"column":4},"end":{"line":204,"column":79}},"85":{"start":{"line":208,"column":15},"end":{"line":208,"column":31}},"86":{"start":{"line":209,"column":2},"end":{"line":211,"column":3}},"87":{"start":{"line":210,"column":4},"end":{"line":210,"column":74}},"88":{"start":{"line":214,"column":24},"end":{"line":214,"column":65}},"89":{"start":{"line":215,"column":2},"end":{"line":217,"column":3}},"90":{"start":{"line":216,"column":4},"end":{"line":216,"column":82}},"91":{"start":{"line":220,"column":57},"end":{"line":220,"column":84}},"92":{"start":{"line":221,"column":2},"end":{"line":221,"column":47}},"93":{"start":{"line":222,"column":2},"end":{"line":222,"column":45}},"94":{"start":{"line":224,"column":2},"end":{"line":224,"column":53}},"95":{"start":{"line":226,"column":2},"end":{"line":229,"column":4}},"96":{"start":{"line":235,"column":2},"end":{"line":246,"column":3}},"97":{"start":{"line":236,"column":24},"end":{"line":236,"column":65}},"98":{"start":{"line":237,"column":4},"end":{"line":242,"column":5}},"99":{"start":{"line":238,"column":6},"end":{"line":238,"column":62}},"100":{"start":{"line":239,"column":6},"end":{"line":241,"column":7}},"101":{"start":{"line":240,"column":8},"end":{"line":240,"column":50}},"102":{"start":{"line":243,"column":9},"end":{"line":246,"column":3}},"103":{"start":{"line":244,"column":4},"end":{"line":244,"column":48}},"104":{"start":{"line":245,"column":4},"end":{"line":245,"column":36}},"105":{"start":{"line":248,"column":2},"end":{"line":248,"column":49}},"106":{"start":{"line":254,"column":2},"end":{"line":254,"column":46}},"107":{"start":{"line":255,"column":2},"end":{"line":255,"column":34}},"108":{"start":{"line":256,"column":2},"end":{"line":256,"column":58}},"109":{"start":{"line":257,"column":2},"end":{"line":257,"column":59}},"110":{"start":{"line":263,"column":15},"end":{"line":263,"column":46}},"111":{"start":{"line":264,"column":2},"end":{"line":266,"column":3}},"112":{"start":{"line":265,"column":4},"end":{"line":265,"column":65}},"113":{"start":{"line":268,"column":2},"end":{"line":275,"column":4}}},"fnMap":{"0":{"name":"parseDurationMs","decl":{"start":{"line":17,"column":9},"end":{"line":17,"column":24}},"loc":{"start":{"line":17,"column":41},"end":{"line":29,"column":1}}},"1":{"name":"getSessionKey","decl":{"start":{"line":31,"column":9},"end":{"line":31,"column":22}},"loc":{"start":{"line":31,"column":54},"end":{"line":33,"column":1}}},"2":{"name":"persistSession","decl":{"start":{"line":35,"column":15},"end":{"line":35,"column":29}},"loc":{"start":{"line":35,"column":78},"end":{"line":42,"column":1}}},"3":{"name":"deleteSession","decl":{"start":{"line":44,"column":15},"end":{"line":44,"column":28}},"loc":{"start":{"line":44,"column":60},"end":{"line":50,"column":1}}},"4":{"name":"deleteAllSessions","decl":{"start":{"line":52,"column":15},"end":{"line":52,"column":32}},"loc":{"start":{"line":52,"column":47},"end":{"line":61,"column":1}}},"5":{"name":"hasSession","decl":{"start":{"line":63,"column":15},"end":{"line":63,"column":25}},"loc":{"start":{"line":63,"column":57},"end":{"line":70,"column":1}}},"6":{"name":"createTokenPair","decl":{"start":{"line":74,"column":15},"end":{"line":74,"column":30}},"loc":{"start":{"line":74,"column":78},"end":{"line":106,"column":1}}},"7":{"name":"(anonymous_16)","decl":{"start":{"line":97,"column":21},"end":{"line":97,"column":34}},"loc":{"start":{"line":97,"column":21},"end":{"line":97,"column":55}}},"8":{"name":"requestOtp","decl":{"start":{"line":110,"column":22},"end":{"line":110,"column":32}},"loc":{"start":{"line":110,"column":46},"end":{"line":125,"column":1}}},"9":{"name":"verifyOtpAndLogin","decl":{"start":{"line":129,"column":22},"end":{"line":129,"column":39}},"loc":{"start":{"line":129,"column":67},"end":{"line":163,"column":1}}},"10":{"name":"loginWithCredentials","decl":{"start":{"line":167,"column":22},"end":{"line":167,"column":42}},"loc":{"start":{"line":167,"column":74},"end":{"line":174,"column":1}}},"11":{"name":"refreshTokens","decl":{"start":{"line":178,"column":22},"end":{"line":178,"column":35}},"loc":{"start":{"line":178,"column":59},"end":{"line":230,"column":1}}},"12":{"name":"logout","decl":{"start":{"line":234,"column":22},"end":{"line":234,"column":28}},"loc":{"start":{"line":234,"column":67},"end":{"line":249,"column":1}}},"13":{"name":"logoutAll","decl":{"start":{"line":253,"column":22},"end":{"line":253,"column":31}},"loc":{"start":{"line":253,"column":46},"end":{"line":258,"column":1}}},"14":{"name":"getProfile","decl":{"start":{"line":262,"column":22},"end":{"line":262,"column":32}},"loc":{"start":{"line":262,"column":47},"end":{"line":276,"column":1}}}},"branchMap":{"0":{"loc":{"start":{"line":19,"column":2},"end":{"line":19,"column":45}},"type":"if","locations":[{"start":{"line":19,"column":2},"end":{"line":19,"column":45}},{"start":{},"end":{}}]},"1":{"loc":{"start":{"line":22,"column":2},"end":{"line":28,"column":3}},"type":"switch","locations":[{"start":{"line":23,"column":4},"end":{"line":23,"column":34}},{"start":{"line":24,"column":4},"end":{"line":24,"column":39}},{"start":{"line":25,"column":4},"end":{"line":25,"column":44}},{"start":{"line":26,"column":4},"end":{"line":26,"column":49}},{"start":{"line":27,"column":4},"end":{"line":27,"column":45}}]},"2":{"loc":{"start":{"line":55,"column":4},"end":{"line":57,"column":5}},"type":"if","locations":[{"start":{"line":55,"column":4},"end":{"line":57,"column":5}},{"start":{},"end":{}}]},"3":{"loc":{"start":{"line":112,"column":2},"end":{"line":114,"column":3}},"type":"if","locations":[{"start":{"line":112,"column":2},"end":{"line":114,"column":3}},{"start":{},"end":{}}]},"4":{"loc":{"start":{"line":123,"column":8},"end":{"line":123,"column":34}},"type":"binary-expr","locations":[{"start":{"line":123,"column":8},"end":{"line":123,"column":13}},{"start":{"line":123,"column":17},"end":{"line":123,"column":34}}]},"5":{"loc":{"start":{"line":131,"column":2},"end":{"line":133,"column":3}},"type":"if","locations":[{"start":{"line":131,"column":2},"end":{"line":133,"column":3}},{"start":{},"end":{}}]},"6":{"loc":{"start":{"line":141,"column":2},"end":{"line":146,"column":3}},"type":"if","locations":[{"start":{"line":141,"column":2},"end":{"line":146,"column":3}},{"start":{},"end":{}}]},"7":{"loc":{"start":{"line":189,"column":2},"end":{"line":191,"column":3}},"type":"if","locations":[{"start":{"line":189,"column":2},"end":{"line":191,"column":3}},{"start":{},"end":{}}]},"8":{"loc":{"start":{"line":193,"column":2},"end":{"line":195,"column":3}},"type":"if","locations":[{"start":{"line":193,"column":2},"end":{"line":195,"column":3}},{"start":{},"end":{}}]},"9":{"loc":{"start":{"line":193,"column":6},"end":{"line":193,"column":81}},"type":"binary-expr","locations":[{"start":{"line":193,"column":6},"end":{"line":193,"column":40}},{"start":{"line":193,"column":44},"end":{"line":193,"column":81}}]},"10":{"loc":{"start":{"line":198,"column":2},"end":{"line":200,"column":3}},"type":"if","locations":[{"start":{"line":198,"column":2},"end":{"line":200,"column":3}},{"start":{},"end":{}}]},"11":{"loc":{"start":{"line":203,"column":2},"end":{"line":205,"column":3}},"type":"if","locations":[{"start":{"line":203,"column":2},"end":{"line":205,"column":3}},{"start":{},"end":{}}]},"12":{"loc":{"start":{"line":209,"column":2},"end":{"line":211,"column":3}},"type":"if","locations":[{"start":{"line":209,"column":2},"end":{"line":211,"column":3}},{"start":{},"end":{}}]},"13":{"loc":{"start":{"line":209,"column":6},"end":{"line":209,"column":29}},"type":"binary-expr","locations":[{"start":{"line":209,"column":6},"end":{"line":209,"column":11}},{"start":{"line":209,"column":15},"end":{"line":209,"column":29}}]},"14":{"loc":{"start":{"line":215,"column":2},"end":{"line":217,"column":3}},"type":"if","locations":[{"start":{"line":215,"column":2},"end":{"line":217,"column":3}},{"start":{},"end":{}}]},"15":{"loc":{"start":{"line":235,"column":2},"end":{"line":246,"column":3}},"type":"if","locations":[{"start":{"line":235,"column":2},"end":{"line":246,"column":3}},{"start":{"line":243,"column":9},"end":{"line":246,"column":3}}]},"16":{"loc":{"start":{"line":237,"column":4},"end":{"line":242,"column":5}},"type":"if","locations":[{"start":{"line":237,"column":4},"end":{"line":242,"column":5}},{"start":{},"end":{}}]},"17":{"loc":{"start":{"line":239,"column":6},"end":{"line":241,"column":7}},"type":"if","locations":[{"start":{"line":239,"column":6},"end":{"line":241,"column":7}},{"start":{},"end":{}}]},"18":{"loc":{"start":{"line":243,"column":9},"end":{"line":246,"column":3}},"type":"if","locations":[{"start":{"line":243,"column":9},"end":{"line":246,"column":3}},{"start":{},"end":{}}]},"19":{"loc":{"start":{"line":264,"column":2},"end":{"line":266,"column":3}},"type":"if","locations":[{"start":{"line":264,"column":2},"end":{"line":266,"column":3}},{"start":{},"end":{}}]}},"s":{"0":1,"1":1,"2":1,"3":1,"4":1,"5":1,"6":1,"7":1,"8":1,"9":1,"10":1,"11":1,"12":1,"13":1,"14":1,"15":1,"16":1,"17":1,"18":2,"19":2,"20":0,"21":2,"22":2,"23":2,"24":0,"25":0,"26":0,"27":2,"28":0,"29":7,"30":2,"31":2,"32":2,"33":0,"34":3,"35":3,"36":1,"37":2,"38":2,"39":0,"40":0,"41":2,"42":2,"43":2,"44":2,"45":0,"46":2,"47":2,"48":2,"49":2,"50":4,"51":2,"52":2,"53":2,"54":3,"55":3,"56":1,"57":2,"58":2,"59":2,"60":3,"61":3,"62":1,"63":2,"64":2,"65":2,"66":1,"67":1,"68":1,"69":1,"70":1,"71":1,"72":1,"73":7,"74":7,"75":1,"76":6,"77":6,"78":1,"79":5,"80":0,"81":5,"82":1,"83":4,"84":1,"85":3,"86":3,"87":1,"88":2,"89":2,"90":1,"91":1,"92":1,"93":1,"94":1,"95":1,"96":4,"97":3,"98":3,"99":2,"100":2,"101":2,"102":1,"103":1,"104":1,"105":4,"106":1,"107":1,"108":1,"109":1,"110":2,"111":2,"112":1,"113":1},"f":{"0":2,"1":7,"2":2,"3":3,"4":2,"5":2,"6":2,"7":2,"8":3,"9":3,"10":1,"11":7,"12":4,"13":1,"14":2},"b":{"0":[0,2],"1":[0,0,0,2,0],"2":[0,0],"3":[1,2],"4":[2,0],"5":[1,2],"6":[1,1],"7":[1,5],"8":[0,5],"9":[5,5],"10":[1,4],"11":[1,3],"12":[1,2],"13":[3,3],"14":[1,1],"15":[3,1],"16":[2,1],"17":[2,0],"18":[1,0],"19":[1,1]}}
,"/Users/kushal/vrindawan mart /mart/backend/src/utils/AppError.ts": {"path":"/Users/kushal/vrindawan mart /mart/backend/src/utils/AppError.ts","statementMap":{"0":{"start":{"line":6,"column":4},"end":{"line":6,"column":19}},"1":{"start":{"line":7,"column":4},"end":{"line":7,"column":33}},"2":{"start":{"line":8,"column":4},"end":{"line":8,"column":39}},"3":{"start":{"line":10,"column":4},"end":{"line":10,"column":52}},"4":{"start":{"line":1,"column":0},"end":{"line":1,"column":13}}},"fnMap":{"0":{"name":"(anonymous_0)","decl":{"start":{"line":5,"column":2},"end":{"line":5,"column":14}},"loc":{"start":{"line":5,"column":71},"end":{"line":11,"column":3}}}},"branchMap":{"0":{"loc":{"start":{"line":5,"column":51},"end":{"line":5,"column":71}},"type":"default-arg","locations":[{"start":{"line":5,"column":67},"end":{"line":5,"column":71}}]}},"s":{"0":16,"1":16,"2":16,"3":16,"4":2},"f":{"0":16},"b":{"0":[16]}}
,"/Users/kushal/vrindawan mart /mart/backend/src/utils/constants.ts": {"path":"/Users/kushal/vrindawan mart /mart/backend/src/utils/constants.ts","statementMap":{"0":{"start":{"line":1,"column":13},"end":{"line":15,"column":11}},"1":{"start":{"line":19,"column":13},"end":{"line":22,"column":11}}},"fnMap":{},"branchMap":{},"s":{"0":2,"1":2},"f":{},"b":{}}
,"/Users/kushal/vrindawan mart /mart/backend/src/utils/jwt.ts": {"path":"/Users/kushal/vrindawan mart /mart/backend/src/utils/jwt.ts","statementMap":{"0":{"start":{"line":22,"column":0},"end":{"line":22,"column":16}},"1":{"start":{"line":32,"column":0},"end":{"line":32,"column":16}},"2":{"start":{"line":45,"column":0},"end":{"line":45,"column":16}},"3":{"start":{"line":53,"column":0},"end":{"line":53,"column":16}},"4":{"start":{"line":1,"column":0},"end":{"line":1,"column":48}},"5":{"start":{"line":2,"column":0},"end":{"line":2,"column":35}},"6":{"start":{"line":23,"column":31},"end":{"line":25,"column":4}},"7":{"start":{"line":26,"column":2},"end":{"line":26,"column":61}},"8":{"start":{"line":33,"column":31},"end":{"line":35,"column":4}},"9":{"start":{"line":36,"column":2},"end":{"line":36,"column":62}},"10":{"start":{"line":46,"column":2},"end":{"line":46,"column":74}},"11":{"start":{"line":54,"column":2},"end":{"line":54,"column":76}}},"fnMap":{"0":{"name":"signAccessToken","decl":{"start":{"line":22,"column":16},"end":{"line":22,"column":31}},"loc":{"start":{"line":22,"column":59},"end":{"line":27,"column":1}}},"1":{"name":"signRefreshToken","decl":{"start":{"line":32,"column":16},"end":{"line":32,"column":32}},"loc":{"start":{"line":32,"column":61},"end":{"line":37,"column":1}}},"2":{"name":"verifyAccessToken","decl":{"start":{"line":45,"column":16},"end":{"line":45,"column":33}},"loc":{"start":{"line":45,"column":47},"end":{"line":47,"column":1}}},"3":{"name":"verifyRefreshToken","decl":{"start":{"line":53,"column":16},"end":{"line":53,"column":34}},"loc":{"start":{"line":53,"column":48},"end":{"line":55,"column":1}}}},"branchMap":{},"s":{"0":1,"1":1,"2":1,"3":1,"4":1,"5":1,"6":4,"7":4,"8":8,"9":8,"10":3,"11":7},"f":{"0":4,"1":8,"2":3,"3":7},"b":{}}
}
