{"/Users/kushal/vrindawan mart /mart/backend/src/middlewares/auth.ts": {"path":"/Users/kushal/vrindawan mart /mart/backend/src/middlewares/auth.ts","statementMap":{"0":{"start":{"line":15,"column":0},"end":{"line":15,"column":7}},"1":{"start":{"line":78,"column":0},"end":{"line":78,"column":16}},"2":{"start":{"line":2,"column":0},"end":{"line":2,"column":49}},"3":{"start":{"line":3,"column":0},"end":{"line":3,"column":60}},"4":{"start":{"line":4,"column":0},"end":{"line":4,"column":45}},"5":{"start":{"line":5,"column":0},"end":{"line":5,"column":49}},"6":{"start":{"line":6,"column":0},"end":{"line":6,"column":38}},"7":{"start":{"line":20,"column":2},"end":{"line":65,"column":3}},"8":{"start":{"line":22,"column":23},"end":{"line":22,"column":48}},"9":{"start":{"line":23,"column":4},"end":{"line":25,"column":5}},"10":{"start":{"line":24,"column":6},"end":{"line":24,"column":80}},"11":{"start":{"line":27,"column":18},"end":{"line":27,"column":42}},"12":{"start":{"line":28,"column":4},"end":{"line":30,"column":5}},"13":{"start":{"line":29,"column":6},"end":{"line":29,"column":80}},"14":{"start":{"line":33,"column":20},"end":{"line":33,"column":44}},"15":{"start":{"line":36,"column":17},"end":{"line":36,"column":56}},"16":{"start":{"line":37,"column":4},"end":{"line":39,"column":5}},"17":{"start":{"line":38,"column":6},"end":{"line":38,"column":70}},"18":{"start":{"line":40,"column":4},"end":{"line":45,"column":5}},"19":{"start":{"line":41,"column":6},"end":{"line":44,"column":8}},"20":{"start":{"line":48,"column":4},"end":{"line":53,"column":6}},"21":{"start":{"line":55,"column":4},"end":{"line":55,"column":11}},"22":{"start":{"line":58,"column":4},"end":{"line":60,"column":5}},"23":{"start":{"line":59,"column":6},"end":{"line":59,"column":83}},"24":{"start":{"line":61,"column":4},"end":{"line":63,"column":5}},"25":{"start":{"line":62,"column":6},"end":{"line":62,"column":87}},"26":{"start":{"line":64,"column":4},"end":{"line":64,"column":16}},"27":{"start":{"line":68,"column":13},"end":{"line":68,"column":40}},"28":{"start":{"line":79,"column":2},"end":{"line":94,"column":4}},"29":{"start":{"line":80,"column":4},"end":{"line":82,"column":5}},"30":{"start":{"line":81,"column":6},"end":{"line":81,"column":86}},"31":{"start":{"line":84,"column":4},"end":{"line":91,"column":5}},"32":{"start":{"line":85,"column":6},"end":{"line":90,"column":8}},"33":{"start":{"line":93,"column":4},"end":{"line":93,"column":11}},"34":{"start":{"line":97,"column":13},"end":{"line":97,"column":37}}},"fnMap":{"0":{"name":"authenticate","decl":{"start":{"line":15,"column":22},"end":{"line":15,"column":34}},"loc":{"start":{"line":18,"column":20},"end":{"line":66,"column":1}}},"1":{"name":"authorize","decl":{"start":{"line":78,"column":16},"end":{"line":78,"column":25}},"loc":{"start":{"line":78,"column":39},"end":{"line":95,"column":1}}},"2":{"name":"(anonymous_11)","decl":{"start":{"line":79,"column":9},"end":{"line":79,"column":10}},"loc":{"start":{"line":79,"column":62},"end":{"line":94,"column":3}}}},"branchMap":{"0":{"loc":{"start":{"line":23,"column":4},"end":{"line":25,"column":5}},"type":"if","locations":[{"start":{"line":23,"column":4},"end":{"line":25,"column":5}},{"start":{},"end":{}}]},"1":{"loc":{"start":{"line":23,"column":8},"end":{"line":23,"column":56}},"type":"binary-expr","locations":[{"start":{"line":23,"column":8},"end":{"line":23,"column":19}},{"start":{"line":23,"column":23},"end":{"line":23,"column":56}}]},"2":{"loc":{"start":{"line":28,"column":4},"end":{"line":30,"column":5}},"type":"if","locations":[{"start":{"line":28,"column":4},"end":{"line":30,"column":5}},{"start":{},"end":{}}]},"3":{"loc":{"start":{"line":37,"column":4},"end":{"line":39,"column":5}},"type":"if","locations":[{"start":{"line":37,"column":4},"end":{"line":39,"column":5}},{"start":{},"end":{}}]},"4":{"loc":{"start":{"line":40,"column":4},"end":{"line":45,"column":5}},"type":"if","locations":[{"start":{"line":40,"column":4},"end":{"line":45,"column":5}},{"start":{},"end":{}}]},"5":{"loc":{"start":{"line":58,"column":4},"end":{"line":60,"column":5}},"type":"if","locations":[{"start":{"line":58,"column":4},"end":{"line":60,"column":5}},{"start":{},"end":{}}]},"6":{"loc":{"start":{"line":61,"column":4},"end":{"line":63,"column":5}},"type":"if","locations":[{"start":{"line":61,"column":4},"end":{"line":63,"column":5}},{"start":{},"end":{}}]},"7":{"loc":{"start":{"line":80,"column":4},"end":{"line":82,"column":5}},"type":"if","locations":[{"start":{"line":80,"column":4},"end":{"line":82,"column":5}},{"start":{},"end":{}}]},"8":{"loc":{"start":{"line":84,"column":4},"end":{"line":91,"column":5}},"type":"if","locations":[{"start":{"line":84,"column":4},"end":{"line":91,"column":5}},{"start":{},"end":{}}]}},"s":{"0":1,"1":1,"2":1,"3":1,"4":1,"5":1,"6":1,"7":4,"8":4,"9":4,"10":1,"11":3,"12":3,"13":0,"14":3,"15":2,"16":2,"17":0,"18":2,"19":1,"20":1,"21":1,"22":3,"23":1,"24":2,"25":0,"26":2,"27":1,"28":3,"29":3,"30":1,"31":2,"32":1,"33":1,"34":1},"f":{"0":4,"1":3,"2":3},"b":{"0":[1,3],"1":[4,3],"2":[0,3],"3":[0,2],"4":[1,1],"5":[1,2],"6":[0,2],"7":[1,2],"8":[1,1]}}
,"/Users/kushal/vrindawan mart /mart/backend/src/services/auth.service.ts": {"path":"/Users/kushal/vrindawan mart /mart/backend/src/services/auth.service.ts","statementMap":{"0":{"start":{"line":111,"column":0},"end":{"line":111,"column":7}},"1":{"start":{"line":130,"column":0},"end":{"line":130,"column":7}},"2":{"start":{"line":168,"column":0},"end":{"line":168,"column":7}},"3":{"start":{"line":182,"column":0},"end":{"line":182,"column":7}},"4":{"start":{"line":238,"column":0},"end":{"line":238,"column":7}},"5":{"start":{"line":257,"column":0},"end":{"line":257,"column":7}},"6":{"start":{"line":266,"column":0},"end":{"line":266,"column":7}},"7":{"start":{"line":2,"column":0},"end":{"line":2,"column":35}},"8":{"start":{"line":3,"column":0},"end":{"line":3,"column":42}},"9":{"start":{"line":4,"column":0},"end":{"line":4,"column":45}},"10":{"start":{"line":5,"column":0},"end":{"line":5,"column":49}},"11":{"start":{"line":6,"column":0},"end":{"line":6,"column":50}},"12":{"start":{"line":7,"column":0},"end":{"line":7,"column":85}},"13":{"start":{"line":8,"column":0},"end":{"line":8,"column":40}},"14":{"start":{"line":9,"column":0},"end":{"line":9,"column":44}},"15":{"start":{"line":10,"column":0},"end":{"line":10,"column":60}},"16":{"start":{"line":11,"column":0},"end":{"line":11,"column":62}},"17":{"start":{"line":12,"column":0},"end":{"line":12,"column":52}},"18":{"start":{"line":16,"column":23},"end":{"line":16,"column":37}},"19":{"start":{"line":19,"column":16},"end":{"line":19,"column":49}},"20":{"start":{"line":20,"column":2},"end":{"line":20,"column":45}},"21":{"start":{"line":20,"column":14},"end":{"line":20,"column":45}},"22":{"start":{"line":21,"column":16},"end":{"line":21,"column":38}},"23":{"start":{"line":22,"column":15},"end":{"line":22,"column":23}},"24":{"start":{"line":23,"column":2},"end":{"line":29,"column":3}},"25":{"start":{"line":24,"column":14},"end":{"line":24,"column":34}},"26":{"start":{"line":25,"column":14},"end":{"line":25,"column":39}},"27":{"start":{"line":26,"column":14},"end":{"line":26,"column":44}},"28":{"start":{"line":27,"column":14},"end":{"line":27,"column":49}},"29":{"start":{"line":28,"column":14},"end":{"line":28,"column":45}},"30":{"start":{"line":33,"column":2},"end":{"line":33,"column":50}},"31":{"start":{"line":37,"column":2},"end":{"line":42,"column":3}},"32":{"start":{"line":38,"column":23},"end":{"line":38,"column":88}},"33":{"start":{"line":39,"column":4},"end":{"line":39,"column":75}},"34":{"start":{"line":41,"column":4},"end":{"line":41,"column":77}},"35":{"start":{"line":46,"column":2},"end":{"line":50,"column":3}},"36":{"start":{"line":47,"column":4},"end":{"line":47,"column":52}},"37":{"start":{"line":49,"column":4},"end":{"line":49,"column":76}},"38":{"start":{"line":54,"column":2},"end":{"line":61,"column":3}},"39":{"start":{"line":55,"column":17},"end":{"line":55,"column":66}},"40":{"start":{"line":56,"column":4},"end":{"line":58,"column":5}},"41":{"start":{"line":57,"column":6},"end":{"line":57,"column":31}},"42":{"start":{"line":60,"column":4},"end":{"line":60,"column":77}},"43":{"start":{"line":65,"column":2},"end":{"line":70,"column":3}},"44":{"start":{"line":66,"column":18},"end":{"line":66,"column":65}},"45":{"start":{"line":67,"column":4},"end":{"line":67,"column":25}},"46":{"start":{"line":69,"column":4},"end":{"line":69,"column":16}},"47":{"start":{"line":76,"column":20},"end":{"line":76,"column":88}},"48":{"start":{"line":80,"column":21},"end":{"line":84,"column":4}},"49":{"start":{"line":86,"column":22},"end":{"line":90,"column":4}},"50":{"start":{"line":92,"column":23},"end":{"line":95,"column":4}},"51":{"start":{"line":98,"column":21},"end":{"line":98,"column":55}},"52":{"start":{"line":99,"column":2},"end":{"line":102,"column":5}},"53":{"start":{"line":104,"column":2},"end":{"line":104,"column":58}},"54":{"start":{"line":106,"column":2},"end":{"line":106,"column":39}},"55":{"start":{"line":112,"column":21},"end":{"line":112,"column":42}},"56":{"start":{"line":113,"column":2},"end":{"line":115,"column":3}},"57":{"start":{"line":114,"column":4},"end":{"line":114,"column":73}},"58":{"start":{"line":117,"column":15},"end":{"line":117,"column":53}},"59":{"start":{"line":120,"column":16},"end":{"line":120,"column":44}},"60":{"start":{"line":122,"column":2},"end":{"line":125,"column":4}},"61":{"start":{"line":131,"column":21},"end":{"line":131,"column":42}},"62":{"start":{"line":132,"column":2},"end":{"line":134,"column":3}},"63":{"start":{"line":133,"column":4},"end":{"line":133,"column":73}},"64":{"start":{"line":137,"column":2},"end":{"line":137,"column":47}},"65":{"start":{"line":140,"column":15},"end":{"line":140,"column":69}},"66":{"start":{"line":142,"column":2},"end":{"line":147,"column":3}},"67":{"start":{"line":143,"column":4},"end":{"line":146,"column":6}},"68":{"start":{"line":150,"column":40},"end":{"line":150,"column":67}},"69":{"start":{"line":152,"column":2},"end":{"line":152,"column":52}},"70":{"start":{"line":154,"column":2},"end":{"line":163,"column":4}},"71":{"start":{"line":169,"column":21},"end":{"line":169,"column":42}},"72":{"start":{"line":170,"column":2},"end":{"line":170,"column":88}},"73":{"start":{"line":170,"column":19},"end":{"line":170,"column":88}},"74":{"start":{"line":171,"column":15},"end":{"line":171,"column":53}},"75":{"start":{"line":172,"column":2},"end":{"line":174,"column":3}},"76":{"start":{"line":173,"column":4},"end":{"line":173,"column":86}},"77":{"start":{"line":175,"column":2},"end":{"line":175,"column":111}},"78":{"start":{"line":175,"column":40},"end":{"line":175,"column":111}},"79":{"start":{"line":176,"column":17},"end":{"line":176,"column":44}},"80":{"start":{"line":177,"column":2},"end":{"line":177,"column":111}},"81":{"start":{"line":185,"column":2},"end":{"line":189,"column":3}},"82":{"start":{"line":186,"column":4},"end":{"line":186,"column":50}},"83":{"start":{"line":188,"column":4},"end":{"line":188,"column":86}},"84":{"start":{"line":192,"column":22},"end":{"line":192,"column":66}},"85":{"start":{"line":193,"column":2},"end":{"line":195,"column":3}},"86":{"start":{"line":194,"column":4},"end":{"line":194,"column":77}},"87":{"start":{"line":197,"column":2},"end":{"line":199,"column":3}},"88":{"start":{"line":198,"column":4},"end":{"line":198,"column":75}},"89":{"start":{"line":202,"column":2},"end":{"line":204,"column":3}},"90":{"start":{"line":203,"column":4},"end":{"line":203,"column":84}},"91":{"start":{"line":207,"column":2},"end":{"line":209,"column":3}},"92":{"start":{"line":208,"column":4},"end":{"line":208,"column":79}},"93":{"start":{"line":212,"column":15},"end":{"line":212,"column":31}},"94":{"start":{"line":213,"column":2},"end":{"line":215,"column":3}},"95":{"start":{"line":214,"column":4},"end":{"line":214,"column":74}},"96":{"start":{"line":218,"column":24},"end":{"line":218,"column":65}},"97":{"start":{"line":219,"column":2},"end":{"line":221,"column":3}},"98":{"start":{"line":220,"column":4},"end":{"line":220,"column":82}},"99":{"start":{"line":224,"column":57},"end":{"line":224,"column":84}},"100":{"start":{"line":225,"column":2},"end":{"line":225,"column":47}},"101":{"start":{"line":226,"column":2},"end":{"line":226,"column":45}},"102":{"start":{"line":228,"column":2},"end":{"line":228,"column":53}},"103":{"start":{"line":230,"column":2},"end":{"line":233,"column":4}},"104":{"start":{"line":239,"column":2},"end":{"line":250,"column":3}},"105":{"start":{"line":240,"column":24},"end":{"line":240,"column":65}},"106":{"start":{"line":241,"column":4},"end":{"line":246,"column":5}},"107":{"start":{"line":242,"column":6},"end":{"line":242,"column":62}},"108":{"start":{"line":243,"column":6},"end":{"line":245,"column":7}},"109":{"start":{"line":244,"column":8},"end":{"line":244,"column":50}},"110":{"start":{"line":247,"column":9},"end":{"line":250,"column":3}},"111":{"start":{"line":248,"column":4},"end":{"line":248,"column":48}},"112":{"start":{"line":249,"column":4},"end":{"line":249,"column":36}},"113":{"start":{"line":252,"column":2},"end":{"line":252,"column":49}},"114":{"start":{"line":258,"column":2},"end":{"line":258,"column":46}},"115":{"start":{"line":259,"column":2},"end":{"line":259,"column":34}},"116":{"start":{"line":260,"column":2},"end":{"line":260,"column":58}},"117":{"start":{"line":261,"column":2},"end":{"line":261,"column":59}},"118":{"start":{"line":267,"column":15},"end":{"line":267,"column":46}},"119":{"start":{"line":268,"column":2},"end":{"line":270,"column":3}},"120":{"start":{"line":269,"column":4},"end":{"line":269,"column":65}},"121":{"start":{"line":272,"column":2},"end":{"line":279,"column":4}}},"fnMap":{"0":{"name":"parseDurationMs","decl":{"start":{"line":18,"column":9},"end":{"line":18,"column":24}},"loc":{"start":{"line":18,"column":41},"end":{"line":30,"column":1}}},"1":{"name":"getSessionKey","decl":{"start":{"line":32,"column":9},"end":{"line":32,"column":22}},"loc":{"start":{"line":32,"column":54},"end":{"line":34,"column":1}}},"2":{"name":"persistSession","decl":{"start":{"line":36,"column":15},"end":{"line":36,"column":29}},"loc":{"start":{"line":36,"column":78},"end":{"line":43,"column":1}}},"3":{"name":"deleteSession","decl":{"start":{"line":45,"column":15},"end":{"line":45,"column":28}},"loc":{"start":{"line":45,"column":60},"end":{"line":51,"column":1}}},"4":{"name":"deleteAllSessions","decl":{"start":{"line":53,"column":15},"end":{"line":53,"column":32}},"loc":{"start":{"line":53,"column":47},"end":{"line":62,"column":1}}},"5":{"name":"hasSession","decl":{"start":{"line":64,"column":15},"end":{"line":64,"column":25}},"loc":{"start":{"line":64,"column":57},"end":{"line":71,"column":1}}},"6":{"name":"createTokenPair","decl":{"start":{"line":75,"column":15},"end":{"line":75,"column":30}},"loc":{"start":{"line":75,"column":78},"end":{"line":107,"column":1}}},"7":{"name":"(anonymous_16)","decl":{"start":{"line":98,"column":21},"end":{"line":98,"column":34}},"loc":{"start":{"line":98,"column":21},"end":{"line":98,"column":55}}},"8":{"name":"requestOtp","decl":{"start":{"line":111,"column":22},"end":{"line":111,"column":32}},"loc":{"start":{"line":111,"column":46},"end":{"line":126,"column":1}}},"9":{"name":"verifyOtpAndLogin","decl":{"start":{"line":130,"column":22},"end":{"line":130,"column":39}},"loc":{"start":{"line":130,"column":67},"end":{"line":164,"column":1}}},"10":{"name":"loginWithCredentials","decl":{"start":{"line":168,"column":22},"end":{"line":168,"column":42}},"loc":{"start":{"line":168,"column":74},"end":{"line":178,"column":1}}},"11":{"name":"refreshTokens","decl":{"start":{"line":182,"column":22},"end":{"line":182,"column":35}},"loc":{"start":{"line":182,"column":59},"end":{"line":234,"column":1}}},"12":{"name":"logout","decl":{"start":{"line":238,"column":22},"end":{"line":238,"column":28}},"loc":{"start":{"line":238,"column":67},"end":{"line":253,"column":1}}},"13":{"name":"logoutAll","decl":{"start":{"line":257,"column":22},"end":{"line":257,"column":31}},"loc":{"start":{"line":257,"column":46},"end":{"line":262,"column":1}}},"14":{"name":"getProfile","decl":{"start":{"line":266,"column":22},"end":{"line":266,"column":32}},"loc":{"start":{"line":266,"column":47},"end":{"line":280,"column":1}}}},"branchMap":{"0":{"loc":{"start":{"line":20,"column":2},"end":{"line":20,"column":45}},"type":"if","locations":[{"start":{"line":20,"column":2},"end":{"line":20,"column":45}},{"start":{},"end":{}}]},"1":{"loc":{"start":{"line":23,"column":2},"end":{"line":29,"column":3}},"type":"switch","locations":[{"start":{"line":24,"column":4},"end":{"line":24,"column":34}},{"start":{"line":25,"column":4},"end":{"line":25,"column":39}},{"start":{"line":26,"column":4},"end":{"line":26,"column":44}},{"start":{"line":27,"column":4},"end":{"line":27,"column":49}},{"start":{"line":28,"column":4},"end":{"line":28,"column":45}}]},"2":{"loc":{"start":{"line":56,"column":4},"end":{"line":58,"column":5}},"type":"if","locations":[{"start":{"line":56,"column":4},"end":{"line":58,"column":5}},{"start":{},"end":{}}]},"3":{"loc":{"start":{"line":113,"column":2},"end":{"line":115,"column":3}},"type":"if","locations":[{"start":{"line":113,"column":2},"end":{"line":115,"column":3}},{"start":{},"end":{}}]},"4":{"loc":{"start":{"line":124,"column":8},"end":{"line":124,"column":34}},"type":"binary-expr","locations":[{"start":{"line":124,"column":8},"end":{"line":124,"column":13}},{"start":{"line":124,"column":17},"end":{"line":124,"column":34}}]},"5":{"loc":{"start":{"line":132,"column":2},"end":{"line":134,"column":3}},"type":"if","locations":[{"start":{"line":132,"column":2},"end":{"line":134,"column":3}},{"start":{},"end":{}}]},"6":{"loc":{"start":{"line":142,"column":2},"end":{"line":147,"column":3}},"type":"if","locations":[{"start":{"line":142,"column":2},"end":{"line":147,"column":3}},{"start":{},"end":{}}]},"7":{"loc":{"start":{"line":170,"column":2},"end":{"line":170,"column":88}},"type":"if","locations":[{"start":{"line":170,"column":2},"end":{"line":170,"column":88}},{"start":{},"end":{}}]},"8":{"loc":{"start":{"line":172,"column":2},"end":{"line":174,"column":3}},"type":"if","locations":[{"start":{"line":172,"column":2},"end":{"line":174,"column":3}},{"start":{},"end":{}}]},"9":{"loc":{"start":{"line":172,"column":6},"end":{"line":172,"column":90}},"type":"binary-expr","locations":[{"start":{"line":172,"column":6},"end":{"line":172,"column":11}},{"start":{"line":172,"column":15},"end":{"line":172,"column":33}},{"start":{"line":172,"column":37},"end":{"line":172,"column":90}}]},"10":{"loc":{"start":{"line":175,"column":2},"end":{"line":175,"column":111}},"type":"if","locations":[{"start":{"line":175,"column":2},"end":{"line":175,"column":111}},{"start":{},"end":{}}]},"11":{"loc":{"start":{"line":175,"column":6},"end":{"line":175,"column":38}},"type":"binary-expr","locations":[{"start":{"line":175,"column":6},"end":{"line":175,"column":20}},{"start":{"line":175,"column":24},"end":{"line":175,"column":38}}]},"12":{"loc":{"start":{"line":193,"column":2},"end":{"line":195,"column":3}},"type":"if","locations":[{"start":{"line":193,"column":2},"end":{"line":195,"column":3}},{"start":{},"end":{}}]},"13":{"loc":{"start":{"line":197,"column":2},"end":{"line":199,"column":3}},"type":"if","locations":[{"start":{"line":197,"column":2},"end":{"line":199,"column":3}},{"start":{},"end":{}}]},"14":{"loc":{"start":{"line":197,"column":6},"end":{"line":197,"column":81}},"type":"binary-expr","locations":[{"start":{"line":197,"column":6},"end":{"line":197,"column":40}},{"start":{"line":197,"column":44},"end":{"line":197,"column":81}}]},"15":{"loc":{"start":{"line":202,"column":2},"end":{"line":204,"column":3}},"type":"if","locations":[{"start":{"line":202,"column":2},"end":{"line":204,"column":3}},{"start":{},"end":{}}]},"16":{"loc":{"start":{"line":207,"column":2},"end":{"line":209,"column":3}},"type":"if","locations":[{"start":{"line":207,"column":2},"end":{"line":209,"column":3}},{"start":{},"end":{}}]},"17":{"loc":{"start":{"line":213,"column":2},"end":{"line":215,"column":3}},"type":"if","locations":[{"start":{"line":213,"column":2},"end":{"line":215,"column":3}},{"start":{},"end":{}}]},"18":{"loc":{"start":{"line":213,"column":6},"end":{"line":213,"column":29}},"type":"binary-expr","locations":[{"start":{"line":213,"column":6},"end":{"line":213,"column":11}},{"start":{"line":213,"column":15},"end":{"line":213,"column":29}}]},"19":{"loc":{"start":{"line":219,"column":2},"end":{"line":221,"column":3}},"type":"if","locations":[{"start":{"line":219,"column":2},"end":{"line":221,"column":3}},{"start":{},"end":{}}]},"20":{"loc":{"start":{"line":239,"column":2},"end":{"line":250,"column":3}},"type":"if","locations":[{"start":{"line":239,"column":2},"end":{"line":250,"column":3}},{"start":{"line":247,"column":9},"end":{"line":250,"column":3}}]},"21":{"loc":{"start":{"line":241,"column":4},"end":{"line":246,"column":5}},"type":"if","locations":[{"start":{"line":241,"column":4},"end":{"line":246,"column":5}},{"start":{},"end":{}}]},"22":{"loc":{"start":{"line":243,"column":6},"end":{"line":245,"column":7}},"type":"if","locations":[{"start":{"line":243,"column":6},"end":{"line":245,"column":7}},{"start":{},"end":{}}]},"23":{"loc":{"start":{"line":247,"column":9},"end":{"line":250,"column":3}},"type":"if","locations":[{"start":{"line":247,"column":9},"end":{"line":250,"column":3}},{"start":{},"end":{}}]},"24":{"loc":{"start":{"line":268,"column":2},"end":{"line":270,"column":3}},"type":"if","locations":[{"start":{"line":268,"column":2},"end":{"line":270,"column":3}},{"start":{},"end":{}}]}},"s":{"0":1,"1":1,"2":1,"3":1,"4":1,"5":1,"6":1,"7":1,"8":1,"9":1,"10":1,"11":1,"12":1,"13":1,"14":1,"15":1,"16":1,"17":1,"18":1,"19":3,"20":3,"21":0,"22":3,"23":3,"24":3,"25":0,"26":0,"27":0,"28":3,"29":0,"30":8,"31":3,"32":3,"33":3,"34":0,"35":3,"36":3,"37":1,"38":2,"39":2,"40":0,"41":0,"42":2,"43":2,"44":2,"45":2,"46":0,"47":3,"48":3,"49":3,"50":3,"51":6,"52":3,"53":3,"54":3,"55":3,"56":3,"57":1,"58":2,"59":2,"60":2,"61":3,"62":3,"63":1,"64":2,"65":2,"66":2,"67":1,"68":1,"69":1,"70":1,"71":2,"72":2,"73":0,"74":2,"75":2,"76":1,"77":1,"78":0,"79":1,"80":1,"81":7,"82":7,"83":1,"84":6,"85":6,"86":1,"87":5,"88":0,"89":5,"90":1,"91":4,"92":1,"93":3,"94":3,"95":1,"96":2,"97":2,"98":1,"99":1,"100":1,"101":1,"102":1,"103":1,"104":4,"105":3,"106":3,"107":2,"108":2,"109":2,"110":1,"111":1,"112":1,"113":4,"114":1,"115":1,"116":1,"117":1,"118":2,"119":2,"120":1,"121":1},"f":{"0":3,"1":8,"2":3,"3":3,"4":2,"5":2,"6":3,"7":3,"8":3,"9":3,"10":2,"11":7,"12":4,"13":1,"14":2},"b":{"0":[0,3],"1":[0,0,0,3,0],"2":[0,0],"3":[1,2],"4":[2,0],"5":[1,2],"6":[1,1],"7":[0,2],"8":[1,1],"9":[2,1,1],"10":[0,1],"11":[1,1],"12":[1,5],"13":[0,5],"14":[5,5],"15":[1,4],"16":[1,3],"17":[1,2],"18":[3,3],"19":[1,1],"20":[3,1],"21":[2,1],"22":[2,0],"23":[1,0],"24":[1,1]}}
,"/Users/kushal/vrindawan mart /mart/backend/src/utils/AppError.ts": {"path":"/Users/kushal/vrindawan mart /mart/backend/src/utils/AppError.ts","statementMap":{"0":{"start":{"line":6,"column":4},"end":{"line":6,"column":19}},"1":{"start":{"line":7,"column":4},"end":{"line":7,"column":33}},"2":{"start":{"line":8,"column":4},"end":{"line":8,"column":39}},"3":{"start":{"line":10,"column":4},"end":{"line":10,"column":52}},"4":{"start":{"line":1,"column":0},"end":{"line":1,"column":13}}},"fnMap":{"0":{"name":"(anonymous_0)","decl":{"start":{"line":5,"column":2},"end":{"line":5,"column":14}},"loc":{"start":{"line":5,"column":71},"end":{"line":11,"column":3}}}},"branchMap":{"0":{"loc":{"start":{"line":5,"column":51},"end":{"line":5,"column":71}},"type":"default-arg","locations":[{"start":{"line":5,"column":67},"end":{"line":5,"column":71}}]}},"s":{"0":16,"1":16,"2":16,"3":16,"4":2},"f":{"0":16},"b":{"0":[16]}}
,"/Users/kushal/vrindawan mart /mart/backend/src/utils/constants.ts": {"path":"/Users/kushal/vrindawan mart /mart/backend/src/utils/constants.ts","statementMap":{"0":{"start":{"line":1,"column":13},"end":{"line":15,"column":11}},"1":{"start":{"line":19,"column":13},"end":{"line":23,"column":11}}},"fnMap":{},"branchMap":{},"s":{"0":2,"1":2},"f":{},"b":{}}
,"/Users/kushal/vrindawan mart /mart/backend/src/utils/jwt.ts": {"path":"/Users/kushal/vrindawan mart /mart/backend/src/utils/jwt.ts","statementMap":{"0":{"start":{"line":22,"column":0},"end":{"line":22,"column":16}},"1":{"start":{"line":32,"column":0},"end":{"line":32,"column":16}},"2":{"start":{"line":45,"column":0},"end":{"line":45,"column":16}},"3":{"start":{"line":53,"column":0},"end":{"line":53,"column":16}},"4":{"start":{"line":1,"column":0},"end":{"line":1,"column":48}},"5":{"start":{"line":2,"column":0},"end":{"line":2,"column":35}},"6":{"start":{"line":23,"column":31},"end":{"line":25,"column":4}},"7":{"start":{"line":26,"column":2},"end":{"line":26,"column":61}},"8":{"start":{"line":33,"column":31},"end":{"line":35,"column":4}},"9":{"start":{"line":36,"column":2},"end":{"line":36,"column":62}},"10":{"start":{"line":46,"column":2},"end":{"line":46,"column":74}},"11":{"start":{"line":54,"column":2},"end":{"line":54,"column":76}}},"fnMap":{"0":{"name":"signAccessToken","decl":{"start":{"line":22,"column":16},"end":{"line":22,"column":31}},"loc":{"start":{"line":22,"column":59},"end":{"line":27,"column":1}}},"1":{"name":"signRefreshToken","decl":{"start":{"line":32,"column":16},"end":{"line":32,"column":32}},"loc":{"start":{"line":32,"column":61},"end":{"line":37,"column":1}}},"2":{"name":"verifyAccessToken","decl":{"start":{"line":45,"column":16},"end":{"line":45,"column":33}},"loc":{"start":{"line":45,"column":47},"end":{"line":47,"column":1}}},"3":{"name":"verifyRefreshToken","decl":{"start":{"line":53,"column":16},"end":{"line":53,"column":34}},"loc":{"start":{"line":53,"column":48},"end":{"line":55,"column":1}}}},"branchMap":{},"s":{"0":1,"1":1,"2":1,"3":1,"4":1,"5":1,"6":5,"7":5,"8":9,"9":9,"10":3,"11":7},"f":{"0":5,"1":9,"2":3,"3":7},"b":{}}
}
