TN:
SF:src/middlewares/auth.ts
FN:15,authenticate
FN:78,authorize
FN:79,(anonymous_11)
FNF:3
FNH:3
FNDA:4,authenticate
FNDA:3,authorize
FNDA:3,(anonymous_11)
DA:2,1
DA:3,1
DA:4,1
DA:5,1
DA:6,1
DA:15,1
DA:20,4
DA:22,4
DA:23,4
DA:24,1
DA:27,3
DA:28,3
DA:29,0
DA:33,3
DA:36,2
DA:37,2
DA:38,0
DA:40,2
DA:41,1
DA:48,1
DA:55,1
DA:58,3
DA:59,1
DA:61,2
DA:62,0
DA:64,2
DA:68,1
DA:78,1
DA:79,3
DA:80,3
DA:81,1
DA:84,2
DA:85,1
DA:93,1
DA:97,1
LF:35
LH:32
BRDA:23,0,0,1
BRDA:23,0,1,3
BRDA:23,1,0,4
BRDA:23,1,1,3
BRDA:28,2,0,0
BRDA:28,2,1,3
BRDA:37,3,0,0
BRDA:37,3,1,2
BRDA:40,4,0,1
BRDA:40,4,1,1
BRDA:58,5,0,1
BRDA:58,5,1,2
BRDA:61,6,0,0
BRDA:61,6,1,2
BRDA:80,7,0,1
BRDA:80,7,1,2
BRDA:84,8,0,1
BRDA:84,8,1,1
BRF:18
BRH:15
end_of_record
TN:
SF:src/services/auth.service.ts
FN:17,parseDurationMs
FN:31,getSessionKey
FN:35,persistSession
FN:44,deleteSession
FN:52,deleteAllSessions
FN:63,hasSession
FN:74,createTokenPair
FN:97,(anonymous_16)
FN:110,requestOtp
FN:129,verifyOtpAndLogin
FN:167,loginWithCredentials
FN:178,refreshTokens
FN:234,logout
FN:253,logoutAll
FN:262,getProfile
FNF:15
FNH:15
FNDA:2,parseDurationMs
FNDA:7,getSessionKey
FNDA:2,persistSession
FNDA:3,deleteSession
FNDA:2,deleteAllSessions
FNDA:2,hasSession
FNDA:2,createTokenPair
FNDA:2,(anonymous_16)
FNDA:3,requestOtp
FNDA:3,verifyOtpAndLogin
FNDA:1,loginWithCredentials
FNDA:7,refreshTokens
FNDA:4,logout
FNDA:1,logoutAll
FNDA:2,getProfile
DA:2,1
DA:3,1
DA:4,1
DA:5,1
DA:6,1
DA:7,1
DA:8,1
DA:9,1
DA:10,1
DA:11,1
DA:15,1
DA:18,2
DA:19,2
DA:20,2
DA:21,2
DA:22,2
DA:23,0
DA:24,0
DA:25,0
DA:26,2
DA:27,0
DA:32,7
DA:36,2
DA:37,2
DA:38,2
DA:40,0
DA:45,3
DA:46,3
DA:48,1
DA:53,2
DA:54,2
DA:55,0
DA:56,0
DA:59,2
DA:64,2
DA:65,2
DA:66,2
DA:68,0
DA:75,2
DA:79,2
DA:85,2
DA:91,2
DA:97,4
DA:98,2
DA:103,2
DA:105,2
DA:110,1
DA:111,3
DA:112,3
DA:113,1
DA:116,2
DA:119,2
DA:121,2
DA:129,1
DA:130,3
DA:131,3
DA:132,1
DA:136,2
DA:139,2
DA:141,2
DA:142,1
DA:149,1
DA:151,1
DA:153,1
DA:167,1
DA:168,1
DA:169,1
DA:170,1
DA:178,1
DA:181,7
DA:182,7
DA:184,1
DA:188,6
DA:189,6
DA:190,1
DA:193,5
DA:194,0
DA:198,5
DA:199,1
DA:203,4
DA:204,1
DA:208,3
DA:209,3
DA:210,1
DA:214,2
DA:215,2
DA:216,1
DA:220,1
DA:221,1
DA:222,1
DA:224,1
DA:226,1
DA:234,1
DA:235,4
DA:236,3
DA:237,3
DA:238,2
DA:239,2
DA:240,2
DA:243,1
DA:244,1
DA:245,1
DA:248,4
DA:253,1
DA:254,1
DA:255,1
DA:256,1
DA:257,1
DA:262,1
DA:263,2
DA:264,2
DA:265,1
DA:268,1
LF:113
LH:104
BRDA:19,0,0,0
BRDA:19,0,1,2
BRDA:22,1,0,0
BRDA:22,1,1,0
BRDA:22,1,2,0
BRDA:22,1,3,2
BRDA:22,1,4,0
BRDA:55,2,0,0
BRDA:55,2,1,0
BRDA:112,3,0,1
BRDA:112,3,1,2
BRDA:123,4,0,2
BRDA:123,4,1,0
BRDA:131,5,0,1
BRDA:131,5,1,2
BRDA:141,6,0,1
BRDA:141,6,1,1
BRDA:189,7,0,1
BRDA:189,7,1,5
BRDA:193,8,0,0
BRDA:193,8,1,5
BRDA:193,9,0,5
BRDA:193,9,1,5
BRDA:198,10,0,1
BRDA:198,10,1,4
BRDA:203,11,0,1
BRDA:203,11,1,3
BRDA:209,12,0,1
BRDA:209,12,1,2
BRDA:209,13,0,3
BRDA:209,13,1,3
BRDA:215,14,0,1
BRDA:215,14,1,1
BRDA:235,15,0,3
BRDA:235,15,1,1
BRDA:237,16,0,2
BRDA:237,16,1,1
BRDA:239,17,0,2
BRDA:239,17,1,0
BRDA:243,18,0,1
BRDA:243,18,1,0
BRDA:264,19,0,1
BRDA:264,19,1,1
BRF:43
BRH:32
end_of_record
TN:
SF:src/utils/AppError.ts
FN:5,(anonymous_0)
FNF:1
FNH:1
FNDA:16,(anonymous_0)
DA:1,2
DA:6,16
DA:7,16
DA:8,16
DA:10,16
LF:5
LH:5
BRDA:5,0,0,16
BRF:1
BRH:1
end_of_record
TN:
SF:src/utils/constants.ts
FNF:0
FNH:0
DA:1,2
DA:19,2
LF:2
LH:2
BRF:0
BRH:0
end_of_record
TN:
SF:src/utils/jwt.ts
FN:22,signAccessToken
FN:32,signRefreshToken
FN:45,verifyAccessToken
FN:53,verifyRefreshToken
FNF:4
FNH:4
FNDA:4,signAccessToken
FNDA:8,signRefreshToken
FNDA:3,verifyAccessToken
FNDA:7,verifyRefreshToken
DA:1,1
DA:2,1
DA:22,1
DA:23,4
DA:26,4
DA:32,1
DA:33,8
DA:36,8
DA:45,1
DA:46,3
DA:53,1
DA:54,7
LF:12
LH:12
BRF:0
BRH:0
end_of_record
