TN:
SF:src/middlewares/auth.ts
FN:15,authenticate
FN:78,authorize
FN:79,(anonymous_11)
FNF:3
FNH:3
FNDA:4,authenticate
FNDA:3,authorize
FNDA:3,(anonymous_11)
DA:2,1
DA:3,1
DA:4,1
DA:5,1
DA:6,1
DA:15,1
DA:20,4
DA:22,4
DA:23,4
DA:24,1
DA:27,3
DA:28,3
DA:29,0
DA:33,3
DA:36,2
DA:37,2
DA:38,0
DA:40,2
DA:41,1
DA:48,1
DA:55,1
DA:58,3
DA:59,1
DA:61,2
DA:62,0
DA:64,2
DA:68,1
DA:78,1
DA:79,3
DA:80,3
DA:81,1
DA:84,2
DA:85,1
DA:93,1
DA:97,1
LF:35
LH:32
BRDA:23,0,0,1
BRDA:23,0,1,3
BRDA:23,1,0,4
BRDA:23,1,1,3
BRDA:28,2,0,0
BRDA:28,2,1,3
BRDA:37,3,0,0
BRDA:37,3,1,2
BRDA:40,4,0,1
BRDA:40,4,1,1
BRDA:58,5,0,1
BRDA:58,5,1,2
BRDA:61,6,0,0
BRDA:61,6,1,2
BRDA:80,7,0,1
BRDA:80,7,1,2
BRDA:84,8,0,1
BRDA:84,8,1,1
BRF:18
BRH:15
end_of_record
TN:
SF:src/services/auth.service.ts
FN:18,parseDurationMs
FN:32,getSessionKey
FN:36,persistSession
FN:45,deleteSession
FN:53,deleteAllSessions
FN:64,hasSession
FN:75,createTokenPair
FN:98,(anonymous_16)
FN:111,requestOtp
FN:130,verifyOtpAndLogin
FN:168,loginWithCredentials
FN:182,refreshTokens
FN:238,logout
FN:257,logoutAll
FN:264,getProfile
FN:282,updateProfile
FN:283,(anonymous_25)
FNF:17
FNH:15
FNDA:3,parseDurationMs
FNDA:8,getSessionKey
FNDA:3,persistSession
FNDA:3,deleteSession
FNDA:2,deleteAllSessions
FNDA:2,hasSession
FNDA:3,createTokenPair
FNDA:3,(anonymous_16)
FNDA:3,requestOtp
FNDA:3,verifyOtpAndLogin
FNDA:2,loginWithCredentials
FNDA:7,refreshTokens
FNDA:4,logout
FNDA:1,logoutAll
FNDA:2,getProfile
FNDA:0,updateProfile
FNDA:0,(anonymous_25)
DA:2,1
DA:3,1
DA:4,1
DA:5,1
DA:6,1
DA:7,1
DA:8,1
DA:9,1
DA:10,1
DA:11,1
DA:12,1
DA:16,1
DA:19,3
DA:20,3
DA:21,3
DA:22,3
DA:23,3
DA:24,0
DA:25,0
DA:26,0
DA:27,3
DA:28,0
DA:33,8
DA:37,3
DA:38,3
DA:39,3
DA:41,0
DA:46,3
DA:47,3
DA:49,1
DA:54,2
DA:55,2
DA:56,0
DA:57,0
DA:60,2
DA:65,2
DA:66,2
DA:67,2
DA:69,0
DA:76,3
DA:80,3
DA:86,3
DA:92,3
DA:98,6
DA:99,3
DA:104,3
DA:106,3
DA:111,1
DA:112,3
DA:113,3
DA:114,1
DA:117,2
DA:120,2
DA:122,2
DA:130,1
DA:131,3
DA:132,3
DA:133,1
DA:137,2
DA:140,2
DA:142,2
DA:143,1
DA:150,1
DA:152,1
DA:154,1
DA:168,1
DA:169,2
DA:170,2
DA:171,2
DA:172,2
DA:173,1
DA:175,1
DA:176,1
DA:177,1
DA:182,1
DA:185,7
DA:186,7
DA:188,1
DA:192,6
DA:193,6
DA:194,1
DA:197,5
DA:198,0
DA:202,5
DA:203,1
DA:207,4
DA:208,1
DA:212,3
DA:213,3
DA:214,1
DA:218,2
DA:219,2
DA:220,1
DA:224,1
DA:225,1
DA:226,1
DA:228,1
DA:230,1
DA:238,1
DA:239,4
DA:240,3
DA:241,3
DA:242,2
DA:243,2
DA:244,2
DA:247,1
DA:248,1
DA:249,1
DA:252,4
DA:257,1
DA:258,1
DA:259,1
DA:260,1
DA:261,1
DA:264,1
DA:265,2
DA:266,2
DA:267,1
DA:270,1
DA:282,1
DA:283,0
DA:284,0
DA:291,0
LF:123
LH:111
BRDA:20,0,0,0
BRDA:20,0,1,3
BRDA:23,1,0,0
BRDA:23,1,1,0
BRDA:23,1,2,0
BRDA:23,1,3,3
BRDA:23,1,4,0
BRDA:56,2,0,0
BRDA:56,2,1,0
BRDA:113,3,0,1
BRDA:113,3,1,2
BRDA:124,4,0,2
BRDA:124,4,1,1
BRDA:132,5,0,1
BRDA:132,5,1,2
BRDA:142,6,0,1
BRDA:142,6,1,1
BRDA:170,7,0,0
BRDA:170,7,1,2
BRDA:172,8,0,1
BRDA:172,8,1,1
BRDA:172,9,0,2
BRDA:172,9,1,1
BRDA:172,9,2,1
BRDA:175,10,0,0
BRDA:175,10,1,1
BRDA:175,11,0,1
BRDA:175,11,1,1
BRDA:193,12,0,1
BRDA:193,12,1,5
BRDA:197,13,0,0
BRDA:197,13,1,5
BRDA:197,14,0,5
BRDA:197,14,1,5
BRDA:202,15,0,1
BRDA:202,15,1,4
BRDA:207,16,0,1
BRDA:207,16,1,3
BRDA:213,17,0,1
BRDA:213,17,1,2
BRDA:213,18,0,3
BRDA:213,18,1,3
BRDA:219,19,0,1
BRDA:219,19,1,1
BRDA:239,20,0,3
BRDA:239,20,1,1
BRDA:241,21,0,2
BRDA:241,21,1,1
BRDA:243,22,0,2
BRDA:243,22,1,0
BRDA:247,23,0,1
BRDA:247,23,1,0
BRDA:266,24,0,1
BRDA:266,24,1,1
BRDA:287,25,0,0
BRDA:287,25,1,0
BRDA:288,26,0,0
BRDA:288,26,1,0
BRF:58
BRH:42
end_of_record
TN:
SF:src/utils/AppError.ts
FN:5,(anonymous_0)
FNF:1
FNH:1
FNDA:16,(anonymous_0)
DA:1,2
DA:6,16
DA:7,16
DA:8,16
DA:10,16
LF:5
LH:5
BRDA:5,0,0,16
BRF:1
BRH:1
end_of_record
TN:
SF:src/utils/constants.ts
FNF:0
FNH:0
DA:1,2
DA:19,2
LF:2
LH:2
BRF:0
BRH:0
end_of_record
TN:
SF:src/utils/jwt.ts
FN:22,signAccessToken
FN:32,signRefreshToken
FN:45,verifyAccessToken
FN:53,verifyRefreshToken
FNF:4
FNH:4
FNDA:5,signAccessToken
FNDA:9,signRefreshToken
FNDA:3,verifyAccessToken
FNDA:7,verifyRefreshToken
DA:1,1
DA:2,1
DA:22,1
DA:23,5
DA:26,5
DA:32,1
DA:33,9
DA:36,9
DA:45,1
DA:46,3
DA:53,1
DA:54,7
LF:12
LH:12
BRF:0
BRH:0
end_of_record
